Maximum iterations [100-4000]?
---------- Iteration number: 100 ------------
[995,995]:  0.00  [996,996]:  0.00  [997,997]:  0.00  [998,998]:  0.00  [999,999]:  0.00  [1000,1000]:  0.00  
---------- Iteration number: 200 ------------
[995,995]:  0.00  [996,996]:  0.00  [997,997]:  0.00  [998,998]:  0.00  [999,999]:  0.00  [1000,1000]:  0.00  
---------- Iteration number: 300 ------------
[995,995]:  0.00  [996,996]:  0.00  [997,997]:  0.00  [998,998]:  0.00  [999,999]:  0.00  [1000,1000]:  0.00  
---------- Iteration number: 400 ------------
[995,995]:  0.00  [996,996]:  0.00  [997,997]:  0.00  [998,998]:  0.00  [999,999]:  0.00  [1000,1000]:  0.00  
---------- Iteration number: 500 ------------
[995,995]:  0.00  [996,996]:  0.00  [997,997]:  0.00  [998,998]:  0.00  [999,999]:  0.00  [1000,1000]:  0.00  
---------- Iteration number: 600 ------------
[995,995]:  0.00  [996,996]:  0.00  [997,997]:  0.00  [998,998]:  0.00  [999,999]:  0.00  [1000,1000]:  0.00  
---------- Iteration number: 700 ------------
[995,995]:  0.00  [996,996]:  0.00  [997,997]:  0.00  [998,998]:  0.00  [999,999]:  0.00  [1000,1000]:  0.00  
---------- Iteration number: 800 ------------
[995,995]:  0.00  [996,996]:  0.00  [997,997]:  0.00  [998,998]:  0.00  [999,999]:  0.00  [1000,1000]:  0.00  
---------- Iteration number: 900 ------------
[995,995]:  0.00  [996,996]:  0.00  [997,997]:  0.00  [998,998]:  0.00  [999,999]:  0.00  [1000,1000]:  0.00  
---------- Iteration number: 1000 ------------
[995,995]:  0.00  [996,996]:  0.00  [997,997]:  0.00  [998,998]:  0.00  [999,999]:  0.00  [1000,1000]:  0.00  
---------- Iteration number: 1100 ------------
[995,995]:  0.00  [996,996]:  0.00  [997,997]:  0.00  [998,998]:  0.00  [999,999]:  0.00  [1000,1000]:  0.00  
---------- Iteration number: 1200 ------------
[995,995]:  0.00  [996,996]:  0.00  [997,997]:  0.00  [998,998]:  0.00  [999,999]:  0.00  [1000,1000]:  0.00  
---------- Iteration number: 1300 ------------
[995,995]:  0.00  [996,996]:  0.00  [997,997]:  0.00  [998,998]:  0.00  [999,999]:  0.00  [1000,1000]:  0.00  
---------- Iteration number: 1400 ------------
[995,995]:  0.00  [996,996]:  0.00  [997,997]:  0.00  [998,998]:  0.00  [999,999]:  0.00  [1000,1000]:  0.00  
---------- Iteration number: 1500 ------------
[995,995]:  0.00  [996,996]:  0.00  [997,997]:  0.00  [998,998]:  0.00  [999,999]:  0.00  [1000,1000]:  0.00  
---------- Iteration number: 1600 ------------
[995,995]:  0.00  [996,996]:  0.00  [997,997]:  0.00  [998,998]:  0.00  [999,999]:  0.00  [1000,1000]:  0.00  
---------- Iteration number: 1700 ------------
[995,995]:  0.00  [996,996]:  0.00  [997,997]:  0.00  [998,998]:  0.00  [999,999]:  0.00  [1000,1000]:  0.00  
---------- Iteration number: 1800 ------------
[995,995]:  0.00  [996,996]:  0.00  [997,997]:  0.00  [998,998]:  0.00  [999,999]:  0.00  [1000,1000]:  0.00  
---------- Iteration number: 1900 ------------
[995,995]:  0.00  [996,996]:  0.00  [997,997]:  0.00  [998,998]:  0.00  [999,999]:  0.00  [1000,1000]:  0.00  
---------- Iteration number: 2000 ------------
[995,995]:  0.00  [996,996]:  0.00  [997,997]:  0.00  [998,998]:  0.00  [999,999]:  0.00  [1000,1000]:  0.00  
---------- Iteration number: 2100 ------------
[995,995]:  0.00  [996,996]:  0.00  [997,997]:  0.00  [998,998]:  0.00  [999,999]:  0.00  [1000,1000]:  0.00  
---------- Iteration number: 2200 ------------
[995,995]:  0.00  [996,996]:  0.00  [997,997]:  0.00  [998,998]:  0.00  [999,999]:  0.00  [1000,1000]:  0.00  
---------- Iteration number: 2300 ------------
[995,995]:  0.00  [996,996]:  0.00  [997,997]:  0.00  [998,998]:  0.00  [999,999]:  0.00  [1000,1000]:  0.00  
---------- Iteration number: 2400 ------------
[995,995]:  0.00  [996,996]:  0.00  [997,997]:  0.00  [998,998]:  0.00  [999,999]:  0.00  [1000,1000]:  0.00  
---------- Iteration number: 2500 ------------
[995,995]:  0.00  [996,996]:  0.00  [997,997]:  0.00  [998,998]:  0.00  [999,999]:  0.00  [1000,1000]:  0.00  
---------- Iteration number: 2600 ------------
[995,995]:  0.00  [996,996]:  0.00  [997,997]:  0.00  [998,998]:  0.00  [999,999]:  0.00  [1000,1000]:  0.00  
---------- Iteration number: 2700 ------------
[995,995]:  0.00  [996,996]:  0.00  [997,997]:  0.00  [998,998]:  0.00  [999,999]:  0.00  [1000,1000]:  0.00  
---------- Iteration number: 2800 ------------
[995,995]:  0.00  [996,996]:  0.00  [997,997]:  0.00  [998,998]:  0.00  [999,999]:  0.00  [1000,1000]:  0.00  
---------- Iteration number: 2900 ------------
[995,995]:  0.00  [996,996]:  0.00  [997,997]:  0.00  [998,998]:  0.00  [999,999]:  0.00  [1000,1000]:  0.00  
---------- Iteration number: 3000 ------------
[995,995]:  0.00  [996,996]:  0.00  [997,997]:  0.00  [998,998]:  0.00  [999,999]:  0.00  [1000,1000]:  0.00  
---------- Iteration number: 3100 ------------
[995,995]:  0.00  [996,996]:  0.00  [997,997]:  0.00  [998,998]:  0.00  [999,999]:  0.00  [1000,1000]:  0.00  
---------- Iteration number: 3200 ------------
[995,995]:  0.00  [996,996]:  0.00  [997,997]:  0.00  [998,998]:  0.00  [999,999]:  0.00  [1000,1000]:  0.00  
---------- Iteration number: 3300 ------------
[995,995]:  0.00  [996,996]:  0.00  [997,997]:  0.00  [998,998]:  0.00  [999,999]:  0.00  [1000,1000]:  0.00  

Max error at iteration 3372 was 0.009995
Total time was 0.811812 seconds.

Accelerator Kernel Timing data
/jet/home/zhao1991/Exercises/OpenACC/laplace_acc_data.c
  main  NVIDIA  devicenum=0
    time(us): 276,144
    60: data region reached 2 times
        60: data copyin transfers: 2
             device time(us): total=1,326 max=666 min=660 avg=663
        88: data copyout transfers: 2
             device time(us): total=1,237 max=619 min=618 avg=618
    64: compute region reached 3372 times
        65: kernel launched 3372 times
            grid: [7813]  block: [128]
             device time(us): total=81,417 max=29 min=23 avg=24
            elapsed time(us): total=137,716 max=517 min=39 avg=40
    75: compute region reached 3372 times
        76: kernel launched 3372 times
            grid: [7813]  block: [128]
             device time(us): total=116,203 max=37 min=33 avg=34
            elapsed time(us): total=166,268 max=77 min=47 avg=49
        76: reduction kernel launched 3372 times
            grid: [1]  block: [256]
             device time(us): total=40,369 max=14 min=10 avg=11
            elapsed time(us): total=87,660 max=488 min=23 avg=25
    75: data region reached 6744 times
        75: data copyin transfers: 3372
             device time(us): total=12,371 max=16 min=3 avg=3
        80: data copyout transfers: 3372
             device time(us): total=23,221 max=34 min=6 avg=6
